[11/29/23 18:59:09] crowsnest: crowsnest - A webcam Service for multiple Cams and Stream Services.
[11/29/23 18:59:09] crowsnest: Version: v4.0.2
[11/29/23 18:59:09] crowsnest: Prepare Startup ...
[11/29/23 18:59:09] crowsnest: INFO: Host information:
[11/29/23 18:59:09] crowsnest: Host Info: Distribution: Raspbian GNU/Linux 11 (bullseye)
[11/29/23 18:59:09] crowsnest: Host Info: Release: MainsailOS release 1.2.1 (bullseye)
[11/29/23 18:59:09] crowsnest: Host Info: Kernel: Linux 6.1.21-v8+ aarch64
[11/29/23 18:59:09] crowsnest: Host Info: Model:  Raspberry Pi 4 Model B Rev 1.5
[11/29/23 18:59:09] crowsnest: Host Info: Available CPU Cores: 4
[11/29/23 18:59:09] crowsnest: Host Info: Available Memory: 1713732 kB
[11/29/23 18:59:09] crowsnest: Host Info: Diskspace (avail. / total): 8.8G / 15G
[11/29/23 18:59:09] crowsnest: INFO: Checking Dependencys
[11/29/23 18:59:09] crowsnest: Dependency: 'crudini' found in /usr/bin/crudini.
[11/29/23 18:59:09] crowsnest: Dependency: 'find' found in /usr/bin/find.
[11/29/23 18:59:09] crowsnest: Dependency: 'xargs' found in /usr/bin/xargs.
[11/29/23 18:59:09] crowsnest: Dependency: 'ustreamer' found in bin/ustreamer/ustreamer.
[11/29/23 18:59:09] crowsnest: Dependency: 'camera-streamer' found in bin/camera-streamer/camera-streamer.
[11/29/23 18:59:09] crowsnest: Version Control: ustreamer new version available: 8175681 (v5.45).
[11/29/23 18:59:10] crowsnest: Version Control: camera-streamer is up to date. ((fe701b8))
[11/29/23 18:59:10] crowsnest: INFO: Print Configfile: '/home/kuri/printer_data/config/crowsnest.conf'
[11/29/23 18:59:10] crowsnest:		[crowsnest]
[11/29/23 18:59:10] crowsnest:		log_path: /home/kuri/printer_data/logs/crowsnest.log
[11/29/23 18:59:10] crowsnest:		log_level: verbose
[11/29/23 18:59:10] crowsnest:		delete_log: false
[11/29/23 18:59:10] crowsnest:		no_proxy: false
[11/29/23 18:59:10] crowsnest:		
[11/29/23 18:59:10] crowsnest:		[cam 1]
[11/29/23 18:59:10] crowsnest:		mode: camera-streamer
[11/29/23 18:59:10] crowsnest:		
[11/29/23 18:59:10] crowsnest:		enable_rtsp: false
[11/29/23 18:59:10] crowsnest:		rtsp_port: 8554
[11/29/23 18:59:10] crowsnest:		port: 8080
[11/29/23 18:59:10] crowsnest:		device: /dev/v4l/by-id/usb-046d_Logitech_Webcam_C930e_E2C5917E-video-index0
[11/29/23 18:59:10] crowsnest:		resolution: 640x480
[11/29/23 18:59:10] crowsnest:		max_fps: 15
[11/29/23 18:59:10] crowsnest: INFO: Detect available Devices
[11/29/23 18:59:10] crowsnest: INFO: Found 1 total available Device(s)
[11/29/23 18:59:10] crowsnest: INFO: Found 1 available v4l2 (UVC) camera(s)
[11/29/23 18:59:10] crowsnest: /dev/v4l/by-id/usb-046d_Logitech_Webcam_C930e_E2C5917E-video-index0 -> /dev/video0
[11/29/23 18:59:10] crowsnest: Supported Formats:
[11/29/23 18:59:10] crowsnest:		[0]: 'YUYV' (YUYV 4:2:2)
[11/29/23 18:59:10] crowsnest:		Size: Discrete 640x480
[11/29/23 18:59:10] crowsnest:		Interval: Discrete 0.033s (30.000 fps)
[11/29/23 18:59:10] crowsnest:		Interval: Discrete 0.042s (24.000 fps)
[11/29/23 18:59:10] crowsnest:		Interval: Discrete 0.050s (20.000 fps)
[11/29/23 18:59:10] crowsnest:		Interval: Discrete 0.067s (15.000 fps)
[11/29/23 18:59:10] crowsnest:		Interval: Discrete 0.100s (10.000 fps)
[11/29/23 18:59:10] crowsnest:		Interval: Discrete 0.133s (7.500 fps)
[11/29/23 18:59:10] crowsnest:		Interval: Discrete 0.200s (5.000 fps)
[11/29/23 18:59:10] crowsnest:		Size: Discrete 160x120
[11/29/23 18:59:10] crowsnest:		Interval: Discrete 0.033s (30.000 fps)
[11/29/23 18:59:10] crowsnest:		Interval: Discrete 0.042s (24.000 fps)
[11/29/23 18:59:10] crowsnest:		Interval: Discrete 0.050s (20.000 fps)
[11/29/23 18:59:10] crowsnest:		Interval: Discrete 0.067s (15.000 fps)
[11/29/23 18:59:10] crowsnest:		Interval: Discrete 0.100s (10.000 fps)
[11/29/23 18:59:10] crowsnest:		Interval: Discrete 0.133s (7.500 fps)
[11/29/23 18:59:10] crowsnest:		Interval: Discrete 0.200s (5.000 fps)
[11/29/23 18:59:10] crowsnest:		Size: Discrete 176x144
[11/29/23 18:59:10] crowsnest:		Interval: Discrete 0.033s (30.000 fps)
[11/29/23 18:59:10] crowsnest:		Interval: Discrete 0.042s (24.000 fps)
[11/29/23 18:59:10] crowsnest:		Interval: Discrete 0.050s (20.000 fps)
[11/29/23 18:59:10] crowsnest:		Interval: Discrete 0.067s (15.000 fps)
[11/29/23 18:59:10] crowsnest:		Interval: Discrete 0.100s (10.000 fps)
[11/29/23 18:59:10] crowsnest:		Interval: Discrete 0.133s (7.500 fps)
[11/29/23 18:59:10] crowsnest:		Interval: Discrete 0.200s (5.000 fps)
[11/29/23 18:59:10] crowsnest:		Size: Discrete 320x180
[11/29/23 18:59:10] crowsnest:		Interval: Discrete 0.033s (30.000 fps)
[11/29/23 18:59:10] crowsnest:		Interval: Discrete 0.042s (24.000 fps)
[11/29/23 18:59:10] crowsnest:		Interval: Discrete 0.050s (20.000 fps)
[11/29/23 18:59:10] crowsnest:		Interval: Discrete 0.067s (15.000 fps)
[11/29/23 18:59:10] crowsnest:		Interval: Discrete 0.100s (10.000 fps)
[11/29/23 18:59:10] crowsnest:		Interval: Discrete 0.133s (7.500 fps)
[11/29/23 18:59:10] crowsnest:		Interval: Discrete 0.200s (5.000 fps)
[11/29/23 18:59:10] crowsnest:		Size: Discrete 320x240
[11/29/23 18:59:10] crowsnest:		Interval: Discrete 0.033s (30.000 fps)
[11/29/23 18:59:10] crowsnest:		Interval: Discrete 0.042s (24.000 fps)
[11/29/23 18:59:10] crowsnest:		Interval: Discrete 0.050s (20.000 fps)
[11/29/23 18:59:10] crowsnest:		Interval: Discrete 0.067s (15.000 fps)
[11/29/23 18:59:10] crowsnest:		Interval: Discrete 0.100s (10.000 fps)
[11/29/23 18:59:10] crowsnest:		Interval: Discrete 0.133s (7.500 fps)
[11/29/23 18:59:10] crowsnest:		Interval: Discrete 0.200s (5.000 fps)
[11/29/23 18:59:10] crowsnest:		Size: Discrete 352x288
[11/29/23 18:59:10] crowsnest:		Interval: Discrete 0.033s (30.000 fps)
[11/29/23 18:59:10] crowsnest:		Interval: Discrete 0.042s (24.000 fps)
[11/29/23 18:59:10] crowsnest:		Interval: Discrete 0.050s (20.000 fps)
[11/29/23 18:59:10] crowsnest:		Interval: Discrete 0.067s (15.000 fps)
[11/29/23 18:59:10] crowsnest:		Interval: Discrete 0.100s (10.000 fps)
[11/29/23 18:59:10] crowsnest:		Interval: Discrete 0.133s (7.500 fps)
[11/29/23 18:59:10] crowsnest:		Interval: Discrete 0.200s (5.000 fps)
[11/29/23 18:59:10] crowsnest:		Size: Discrete 424x240
[11/29/23 18:59:10] crowsnest:		Interval: Discrete 0.033s (30.000 fps)
[11/29/23 18:59:10] crowsnest:		Interval: Discrete 0.042s (24.000 fps)
[11/29/23 18:59:10] crowsnest:		Interval: Discrete 0.050s (20.000 fps)
[11/29/23 18:59:10] crowsnest:		Interval: Discrete 0.067s (15.000 fps)
[11/29/23 18:59:10] crowsnest:		Interval: Discrete 0.100s (10.000 fps)
[11/29/23 18:59:10] crowsnest:		Interval: Discrete 0.133s (7.500 fps)
[11/29/23 18:59:10] crowsnest:		Interval: Discrete 0.200s (5.000 fps)
[11/29/23 18:59:10] crowsnest:		Size: Discrete 480x270
[11/29/23 18:59:10] crowsnest:		Interval: Discrete 0.033s (30.000 fps)
[11/29/23 18:59:10] crowsnest:		Interval: Discrete 0.042s (24.000 fps)
[11/29/23 18:59:10] crowsnest:		Interval: Discrete 0.050s (20.000 fps)
[11/29/23 18:59:10] crowsnest:		Interval: Discrete 0.067s (15.000 fps)
[11/29/23 18:59:10] crowsnest:		Interval: Discrete 0.100s (10.000 fps)
[11/29/23 18:59:10] crowsnest:		Interval: Discrete 0.133s (7.500 fps)
[11/29/23 18:59:10] crowsnest:		Interval: Discrete 0.200s (5.000 fps)
[11/29/23 18:59:10] crowsnest:		Size: Discrete 640x360
[11/29/23 18:59:10] crowsnest:		Interval: Discrete 0.033s (30.000 fps)
[11/29/23 18:59:10] crowsnest:		Interval: Discrete 0.042s (24.000 fps)
[11/29/23 18:59:10] crowsnest:		Interval: Discrete 0.050s (20.000 fps)
[11/29/23 18:59:10] crowsnest:		Interval: Discrete 0.067s (15.000 fps)
[11/29/23 18:59:10] crowsnest:		Interval: Discrete 0.100s (10.000 fps)
[11/29/23 18:59:10] crowsnest:		Interval: Discrete 0.133s (7.500 fps)
[11/29/23 18:59:10] crowsnest:		Interval: Discrete 0.200s (5.000 fps)
[11/29/23 18:59:10] crowsnest:		Size: Discrete 800x448
[11/29/23 18:59:10] crowsnest:		Interval: Discrete 0.033s (30.000 fps)
[11/29/23 18:59:10] crowsnest:		Interval: Discrete 0.042s (24.000 fps)
[11/29/23 18:59:10] crowsnest:		Interval: Discrete 0.050s (20.000 fps)
[11/29/23 18:59:10] crowsnest:		Interval: Discrete 0.067s (15.000 fps)
[11/29/23 18:59:10] crowsnest:		Interval: Discrete 0.100s (10.000 fps)
[11/29/23 18:59:10] crowsnest:		Interval: Discrete 0.133s (7.500 fps)
[11/29/23 18:59:10] crowsnest:		Interval: Discrete 0.200s (5.000 fps)
[11/29/23 18:59:10] crowsnest:		Size: Discrete 800x600
[11/29/23 18:59:10] crowsnest:		Interval: Discrete 0.042s (24.000 fps)
[11/29/23 18:59:10] crowsnest:		Interval: Discrete 0.050s (20.000 fps)
[11/29/23 18:59:10] crowsnest:		Interval: Discrete 0.067s (15.000 fps)
[11/29/23 18:59:10] crowsnest:		Interval: Discrete 0.100s (10.000 fps)
[11/29/23 18:59:10] crowsnest:		Interval: Discrete 0.133s (7.500 fps)
[11/29/23 18:59:10] crowsnest:		Interval: Discrete 0.200s (5.000 fps)
[11/29/23 18:59:10] crowsnest:		Size: Discrete 848x480
[11/29/23 18:59:10] crowsnest:		Interval: Discrete 0.033s (30.000 fps)
[11/29/23 18:59:10] crowsnest:		Interval: Discrete 0.042s (24.000 fps)
[11/29/23 18:59:10] crowsnest:		Interval: Discrete 0.050s (20.000 fps)
[11/29/23 18:59:10] crowsnest:		Interval: Discrete 0.067s (15.000 fps)
[11/29/23 18:59:10] crowsnest:		Interval: Discrete 0.100s (10.000 fps)
[11/29/23 18:59:10] crowsnest:		Interval: Discrete 0.133s (7.500 fps)
[11/29/23 18:59:10] crowsnest:		Interval: Discrete 0.200s (5.000 fps)
[11/29/23 18:59:10] crowsnest:		Size: Discrete 960x540
[11/29/23 18:59:10] crowsnest:		Interval: Discrete 0.067s (15.000 fps)
[11/29/23 18:59:10] crowsnest:		Interval: Discrete 0.100s (10.000 fps)
[11/29/23 18:59:10] crowsnest:		Interval: Discrete 0.133s (7.500 fps)
[11/29/23 18:59:10] crowsnest:		Interval: Discrete 0.200s (5.000 fps)
[11/29/23 18:59:10] crowsnest:		Size: Discrete 1024x576
[11/29/23 18:59:10] crowsnest:		Interval: Discrete 0.067s (15.000 fps)
[11/29/23 18:59:10] crowsnest:		Interval: Discrete 0.100s (10.000 fps)
[11/29/23 18:59:10] crowsnest:		Interval: Discrete 0.133s (7.500 fps)
[11/29/23 18:59:10] crowsnest:		Interval: Discrete 0.200s (5.000 fps)
[11/29/23 18:59:10] crowsnest:		Size: Discrete 1280x720
[11/29/23 18:59:10] crowsnest:		Interval: Discrete 0.100s (10.000 fps)
[11/29/23 18:59:10] crowsnest:		Interval: Discrete 0.133s (7.500 fps)
[11/29/23 18:59:10] crowsnest:		Interval: Discrete 0.200s (5.000 fps)
[11/29/23 18:59:10] crowsnest:		Size: Discrete 1600x896
[11/29/23 18:59:10] crowsnest:		Interval: Discrete 0.133s (7.500 fps)
[11/29/23 18:59:10] crowsnest:		Interval: Discrete 0.200s (5.000 fps)
[11/29/23 18:59:10] crowsnest:		Size: Discrete 1920x1080
[11/29/23 18:59:10] crowsnest:		Interval: Discrete 0.200s (5.000 fps)
[11/29/23 18:59:10] crowsnest:		Size: Discrete 2304x1296
[11/29/23 18:59:10] crowsnest:		Interval: Discrete 0.500s (2.000 fps)
[11/29/23 18:59:10] crowsnest:		Size: Discrete 2304x1536
[11/29/23 18:59:10] crowsnest:		Interval: Discrete 0.500s (2.000 fps)
[11/29/23 18:59:10] crowsnest:		[1]: 'MJPG' (Motion-JPEG, compressed)
[11/29/23 18:59:10] crowsnest:		Size: Discrete 640x480
[11/29/23 18:59:10] crowsnest:		Interval: Discrete 0.033s (30.000 fps)
[11/29/23 18:59:10] crowsnest:		Interval: Discrete 0.042s (24.000 fps)
[11/29/23 18:59:10] crowsnest:		Interval: Discrete 0.050s (20.000 fps)
[11/29/23 18:59:10] crowsnest:		Interval: Discrete 0.067s (15.000 fps)
[11/29/23 18:59:10] crowsnest:		Interval: Discrete 0.100s (10.000 fps)
[11/29/23 18:59:10] crowsnest:		Interval: Discrete 0.133s (7.500 fps)
[11/29/23 18:59:10] crowsnest:		Interval: Discrete 0.200s (5.000 fps)
[11/29/23 18:59:10] crowsnest:		Size: Discrete 160x120
[11/29/23 18:59:10] crowsnest:		Interval: Discrete 0.033s (30.000 fps)
[11/29/23 18:59:10] crowsnest:		Interval: Discrete 0.042s (24.000 fps)
[11/29/23 18:59:10] crowsnest:		Interval: Discrete 0.050s (20.000 fps)
[11/29/23 18:59:10] crowsnest:		Interval: Discrete 0.067s (15.000 fps)
[11/29/23 18:59:10] crowsnest:		Interval: Discrete 0.100s (10.000 fps)
[11/29/23 18:59:10] crowsnest:		Interval: Discrete 0.133s (7.500 fps)
[11/29/23 18:59:10] crowsnest:		Interval: Discrete 0.200s (5.000 fps)
[11/29/23 18:59:10] crowsnest:		Size: Discrete 176x144
[11/29/23 18:59:10] crowsnest:		Interval: Discrete 0.033s (30.000 fps)
[11/29/23 18:59:10] crowsnest:		Interval: Discrete 0.042s (24.000 fps)
[11/29/23 18:59:10] crowsnest:		Interval: Discrete 0.050s (20.000 fps)
[11/29/23 18:59:10] crowsnest:		Interval: Discrete 0.067s (15.000 fps)
[11/29/23 18:59:10] crowsnest:		Interval: Discrete 0.100s (10.000 fps)
[11/29/23 18:59:10] crowsnest:		Interval: Discrete 0.133s (7.500 fps)
[11/29/23 18:59:10] crowsnest:		Interval: Discrete 0.200s (5.000 fps)
[11/29/23 18:59:10] crowsnest:		Size: Discrete 320x180
[11/29/23 18:59:10] crowsnest:		Interval: Discrete 0.033s (30.000 fps)
[11/29/23 18:59:10] crowsnest:		Interval: Discrete 0.042s (24.000 fps)
[11/29/23 18:59:10] crowsnest:		Interval: Discrete 0.050s (20.000 fps)
[11/29/23 18:59:10] crowsnest:		Interval: Discrete 0.067s (15.000 fps)
[11/29/23 18:59:10] crowsnest:		Interval: Discrete 0.100s (10.000 fps)
[11/29/23 18:59:10] crowsnest:		Interval: Discrete 0.133s (7.500 fps)
[11/29/23 18:59:10] crowsnest:		Interval: Discrete 0.200s (5.000 fps)
[11/29/23 18:59:10] crowsnest:		Size: Discrete 320x240
[11/29/23 18:59:10] crowsnest:		Interval: Discrete 0.033s (30.000 fps)
[11/29/23 18:59:10] crowsnest:		Interval: Discrete 0.042s (24.000 fps)
[11/29/23 18:59:10] crowsnest:		Interval: Discrete 0.050s (20.000 fps)
[11/29/23 18:59:10] crowsnest:		Interval: Discrete 0.067s (15.000 fps)
[11/29/23 18:59:10] crowsnest:		Interval: Discrete 0.100s (10.000 fps)
[11/29/23 18:59:10] crowsnest:		Interval: Discrete 0.133s (7.500 fps)
[11/29/23 18:59:10] crowsnest:		Interval: Discrete 0.200s (5.000 fps)
[11/29/23 18:59:10] crowsnest:		Size: Discrete 352x288
[11/29/23 18:59:10] crowsnest:		Interval: Discrete 0.033s (30.000 fps)
[11/29/23 18:59:10] crowsnest:		Interval: Discrete 0.042s (24.000 fps)
[11/29/23 18:59:10] crowsnest:		Interval: Discrete 0.050s (20.000 fps)
[11/29/23 18:59:10] crowsnest:		Interval: Discrete 0.067s (15.000 fps)
[11/29/23 18:59:10] crowsnest:		Interval: Discrete 0.100s (10.000 fps)
[11/29/23 18:59:10] crowsnest:		Interval: Discrete 0.133s (7.500 fps)
[11/29/23 18:59:10] crowsnest:		Interval: Discrete 0.200s (5.000 fps)
[11/29/23 18:59:10] crowsnest:		Size: Discrete 424x240
[11/29/23 18:59:10] crowsnest:		Interval: Discrete 0.033s (30.000 fps)
[11/29/23 18:59:10] crowsnest:		Interval: Discrete 0.042s (24.000 fps)
[11/29/23 18:59:10] crowsnest:		Interval: Discrete 0.050s (20.000 fps)
[11/29/23 18:59:10] crowsnest:		Interval: Discrete 0.067s (15.000 fps)
[11/29/23 18:59:10] crowsnest:		Interval: Discrete 0.100s (10.000 fps)
[11/29/23 18:59:10] crowsnest:		Interval: Discrete 0.133s (7.500 fps)
[11/29/23 18:59:10] crowsnest:		Interval: Discrete 0.200s (5.000 fps)
[11/29/23 18:59:10] crowsnest:		Size: Discrete 480x270
[11/29/23 18:59:10] crowsnest:		Interval: Discrete 0.033s (30.000 fps)
[11/29/23 18:59:10] crowsnest:		Interval: Discrete 0.042s (24.000 fps)
[11/29/23 18:59:10] crowsnest:		Interval: Discrete 0.050s (20.000 fps)
[11/29/23 18:59:10] crowsnest:		Interval: Discrete 0.067s (15.000 fps)
[11/29/23 18:59:10] crowsnest:		Interval: Discrete 0.100s (10.000 fps)
[11/29/23 18:59:10] crowsnest:		Interval: Discrete 0.133s (7.500 fps)
[11/29/23 18:59:10] crowsnest:		Interval: Discrete 0.200s (5.000 fps)
[11/29/23 18:59:10] crowsnest:		Size: Discrete 640x360
[11/29/23 18:59:10] crowsnest:		Interval: Discrete 0.033s (30.000 fps)
[11/29/23 18:59:10] crowsnest:		Interval: Discrete 0.042s (24.000 fps)
[11/29/23 18:59:10] crowsnest:		Interval: Discrete 0.050s (20.000 fps)
[11/29/23 18:59:10] crowsnest:		Interval: Discrete 0.067s (15.000 fps)
[11/29/23 18:59:10] crowsnest:		Interval: Discrete 0.100s (10.000 fps)
[11/29/23 18:59:10] crowsnest:		Interval: Discrete 0.133s (7.500 fps)
[11/29/23 18:59:10] crowsnest:		Interval: Discrete 0.200s (5.000 fps)
[11/29/23 18:59:10] crowsnest:		Size: Discrete 800x448
[11/29/23 18:59:10] crowsnest:		Interval: Discrete 0.033s (30.000 fps)
[11/29/23 18:59:10] crowsnest:		Interval: Discrete 0.042s (24.000 fps)
[11/29/23 18:59:10] crowsnest:		Interval: Discrete 0.050s (20.000 fps)
[11/29/23 18:59:10] crowsnest:		Interval: Discrete 0.067s (15.000 fps)
[11/29/23 18:59:10] crowsnest:		Interval: Discrete 0.100s (10.000 fps)
[11/29/23 18:59:10] crowsnest:		Interval: Discrete 0.133s (7.500 fps)
[11/29/23 18:59:10] crowsnest:		Interval: Discrete 0.200s (5.000 fps)
[11/29/23 18:59:10] crowsnest:		Size: Discrete 800x600
[11/29/23 18:59:10] crowsnest:		Interval: Discrete 0.033s (30.000 fps)
[11/29/23 18:59:10] crowsnest:		Interval: Discrete 0.042s (24.000 fps)
[11/29/23 18:59:10] crowsnest:		Interval: Discrete 0.050s (20.000 fps)
[11/29/23 18:59:10] crowsnest:		Interval: Discrete 0.067s (15.000 fps)
[11/29/23 18:59:10] crowsnest:		Interval: Discrete 0.100s (10.000 fps)
[11/29/23 18:59:10] crowsnest:		Interval: Discrete 0.133s (7.500 fps)
[11/29/23 18:59:10] crowsnest:		Interval: Discrete 0.200s (5.000 fps)
[11/29/23 18:59:10] crowsnest:		Size: Discrete 848x480
[11/29/23 18:59:10] crowsnest:		Interval: Discrete 0.033s (30.000 fps)
[11/29/23 18:59:10] crowsnest:		Interval: Discrete 0.042s (24.000 fps)
[11/29/23 18:59:10] crowsnest:		Interval: Discrete 0.050s (20.000 fps)
[11/29/23 18:59:10] crowsnest:		Interval: Discrete 0.067s (15.000 fps)
[11/29/23 18:59:10] crowsnest:		Interval: Discrete 0.100s (10.000 fps)
[11/29/23 18:59:10] crowsnest:		Interval: Discrete 0.133s (7.500 fps)
[11/29/23 18:59:10] crowsnest:		Interval: Discrete 0.200s (5.000 fps)
[11/29/23 18:59:10] crowsnest:		Size: Discrete 960x540
[11/29/23 18:59:10] crowsnest:		Interval: Discrete 0.033s (30.000 fps)
[11/29/23 18:59:10] crowsnest:		Interval: Discrete 0.042s (24.000 fps)
[11/29/23 18:59:10] crowsnest:		Interval: Discrete 0.050s (20.000 fps)
[11/29/23 18:59:10] crowsnest:		Interval: Discrete 0.067s (15.000 fps)
[11/29/23 18:59:10] crowsnest:		Interval: Discrete 0.100s (10.000 fps)
[11/29/23 18:59:10] crowsnest:		Interval: Discrete 0.133s (7.500 fps)
[11/29/23 18:59:10] crowsnest:		Interval: Discrete 0.200s (5.000 fps)
[11/29/23 18:59:10] crowsnest:		Size: Discrete 1024x576
[11/29/23 18:59:10] crowsnest:		Interval: Discrete 0.033s (30.000 fps)
[11/29/23 18:59:10] crowsnest:		Interval: Discrete 0.042s (24.000 fps)
[11/29/23 18:59:10] crowsnest:		Interval: Discrete 0.050s (20.000 fps)
[11/29/23 18:59:10] crowsnest:		Interval: Discrete 0.067s (15.000 fps)
[11/29/23 18:59:10] crowsnest:		Interval: Discrete 0.100s (10.000 fps)
[11/29/23 18:59:10] crowsnest:		Interval: Discrete 0.133s (7.500 fps)
[11/29/23 18:59:10] crowsnest:		Interval: Discrete 0.200s (5.000 fps)
[11/29/23 18:59:10] crowsnest:		Size: Discrete 1280x720
[11/29/23 18:59:10] crowsnest:		Interval: Discrete 0.033s (30.000 fps)
[11/29/23 18:59:10] crowsnest:		Interval: Discrete 0.042s (24.000 fps)
[11/29/23 18:59:10] crowsnest:		Interval: Discrete 0.050s (20.000 fps)
[11/29/23 18:59:10] crowsnest:		Interval: Discrete 0.067s (15.000 fps)
[11/29/23 18:59:10] crowsnest:		Interval: Discrete 0.100s (10.000 fps)
[11/29/23 18:59:10] crowsnest:		Interval: Discrete 0.133s (7.500 fps)
[11/29/23 18:59:10] crowsnest:		Interval: Discrete 0.200s (5.000 fps)
[11/29/23 18:59:10] crowsnest:		Size: Discrete 1600x896
[11/29/23 18:59:10] crowsnest:		Interval: Discrete 0.033s (30.000 fps)
[11/29/23 18:59:10] crowsnest:		Interval: Discrete 0.042s (24.000 fps)
[11/29/23 18:59:10] crowsnest:		Interval: Discrete 0.050s (20.000 fps)
[11/29/23 18:59:10] crowsnest:		Interval: Discrete 0.067s (15.000 fps)
[11/29/23 18:59:10] crowsnest:		Interval: Discrete 0.100s (10.000 fps)
[11/29/23 18:59:10] crowsnest:		Interval: Discrete 0.133s (7.500 fps)
[11/29/23 18:59:10] crowsnest:		Interval: Discrete 0.200s (5.000 fps)
[11/29/23 18:59:10] crowsnest:		Size: Discrete 1920x1080
[11/29/23 18:59:10] crowsnest:		Interval: Discrete 0.033s (30.000 fps)
[11/29/23 18:59:10] crowsnest:		Interval: Discrete 0.042s (24.000 fps)
[11/29/23 18:59:10] crowsnest:		Interval: Discrete 0.050s (20.000 fps)
[11/29/23 18:59:10] crowsnest:		Interval: Discrete 0.067s (15.000 fps)
[11/29/23 18:59:10] crowsnest:		Interval: Discrete 0.100s (10.000 fps)
[11/29/23 18:59:10] crowsnest:		Interval: Discrete 0.133s (7.500 fps)
[11/29/23 18:59:10] crowsnest:		Interval: Discrete 0.200s (5.000 fps)
[11/29/23 18:59:10] crowsnest: Supported Controls:
[11/29/23 18:59:10] crowsnest:		
[11/29/23 18:59:10] crowsnest:		User Controls
[11/29/23 18:59:10] crowsnest:		
[11/29/23 18:59:10] crowsnest:		brightness 0x00980900 (int)    : min=0 max=255 step=1 default=128 value=128
[11/29/23 18:59:10] crowsnest:		contrast 0x00980901 (int)    : min=0 max=255 step=1 default=128 value=128
[11/29/23 18:59:10] crowsnest:		saturation 0x00980902 (int)    : min=0 max=255 step=1 default=128 value=128
[11/29/23 18:59:10] crowsnest:		white_balance_automatic 0x0098090c (bool)   : default=1 value=1
[11/29/23 18:59:10] crowsnest:		gain 0x00980913 (int)    : min=0 max=255 step=1 default=0 value=0
[11/29/23 18:59:10] crowsnest:		power_line_frequency 0x00980918 (menu)   : min=0 max=2 default=2 value=2
[11/29/23 18:59:10] crowsnest:		0: Disabled
[11/29/23 18:59:10] crowsnest:		1: 50 Hz
[11/29/23 18:59:10] crowsnest:		2: 60 Hz
[11/29/23 18:59:10] crowsnest:		white_balance_temperature 0x0098091a (int)    : min=2000 max=7500 step=1 default=4000 value=4000 flags=inactive
[11/29/23 18:59:10] crowsnest:		sharpness 0x0098091b (int)    : min=0 max=255 step=1 default=128 value=128
[11/29/23 18:59:10] crowsnest:		backlight_compensation 0x0098091c (int)    : min=0 max=1 step=1 default=0 value=0
[11/29/23 18:59:10] crowsnest:		
[11/29/23 18:59:10] crowsnest:		Camera Controls
[11/29/23 18:59:10] crowsnest:		
[11/29/23 18:59:10] crowsnest:		auto_exposure 0x009a0901 (menu)   : min=0 max=3 default=3 value=3
[11/29/23 18:59:10] crowsnest:		1: Manual Mode
[11/29/23 18:59:10] crowsnest:		3: Aperture Priority Mode
[11/29/23 18:59:10] crowsnest:		exposure_time_absolute 0x009a0902 (int)    : min=3 max=2047 step=1 default=250 value=250 flags=inactive
[11/29/23 18:59:10] crowsnest:		exposure_dynamic_framerate 0x009a0903 (bool)   : default=0 value=1
[11/29/23 18:59:10] crowsnest:		pan_absolute 0x009a0908 (int)    : min=-36000 max=36000 step=3600 default=0 value=0
[11/29/23 18:59:10] crowsnest:		tilt_absolute 0x009a0909 (int)    : min=-36000 max=36000 step=3600 default=0 value=0
[11/29/23 18:59:10] crowsnest:		focus_absolute 0x009a090a (int)    : min=0 max=255 step=5 default=0 value=0 flags=inactive
[11/29/23 18:59:10] crowsnest:		focus_automatic_continuous 0x009a090c (bool)   : default=1 value=1
[11/29/23 18:59:10] crowsnest:		zoom_absolute 0x009a090d (int)    : min=100 max=400 step=1 default=100 value=100
[11/29/23 18:59:10] crowsnest: Try to start configured Cams / Services...
[11/29/23 18:59:11] crowsnest: INFO: Configuration of Section [cam 1] looks good. Continue ...
[11/29/23 18:59:13] crowsnest: Starting camera-streamer with Device /dev/v4l/by-id/usb-046d_Logitech_Webcam_C930e_E2C5917E-video-index0 ...
[11/29/23 18:59:13] crowsnest:  ... Done!
