-------------------- Log Start | Sat Dec  2 14:57:32 2023 --------------------
data_path: /home/kuri/printer_data
is_default_data_path: False
config_file: /home/kuri/printer_data/config/moonraker.conf
startup_warnings: []
verbose: False
debug: False
asyncio_debug: False
is_backup_config: False
is_python_package: True
instance_uuid: b4ca155f63bf4499a57ae1883a9fd1d0
unix_socket_path: /home/kuri/printer_data/comms/moonraker.sock
software_version: v0.8.0-204-gfb15b2a
git_branch: master
git_remote: origin
git_repo_url: https://github.com/Arksine/moonraker.git
modified_files: []
unofficial_components: []
log_file: /home/kuri/printer_data/logs/moonraker.log
python_version: 3.9.2 (default, Mar 12 2021, 04:06:34)  [GCC 10.2.1 20210110]
msgspec_enabled: False
uvloop_enabled: False

#################### Moonraker Configuration ####################

[server]
host = 0.0.0.0
port = 7125
max_upload_size = 1024
klippy_uds_address = ~/printer_data/comms/klippy.sock

[file_manager]
enable_object_processing = True

[authorization]
cors_domains = 
	https://my.mainsail.xyz
	http://my.mainsail.xyz
	http://*.local
	http://*.lan
trusted_clients = 
	10.0.0.0/8
	127.0.0.0/8
	169.254.0.0/16
	172.16.0.0/12
	192.168.0.0/16
	FE80::/10
	::1/128

[octoprint_compat]

[history]

[announcements]
subscriptions = 
	mainsail

[update_manager]
refresh_interval = 168
enable_auto_refresh = True

[update_manager mainsail]
type = web
channel = stable
repo = mainsail-crew/mainsail
path = ~/mainsail

[update_manager mainsail-config]
type = git_repo
primary_branch = master
path = ~/mainsail-config
origin = https://github.com/mainsail-crew/mainsail-config.git
managed_services = klipper

[update_manager crowsnest]
type = git_repo
path = ~/crowsnest
origin = https://github.com/mainsail-crew/crowsnest.git
managed_services = crowsnest
install_script = tools/pkglist.sh

[update_manager sonar]
type = git_repo
path = ~/sonar
origin = https://github.com/mainsail-crew/sonar.git
primary_branch = main
managed_services = sonar
install_script = tools/install.sh

[update_manager client klipper-backup]
type = git_repo
path = ~/klipper-backup
origin = https://github.com/Staubgeborener/klipper-backup.git
install_script = install.sh
is_system_service = False
primary_branch = main

[update_manager Klipper-Adaptive-Meshing-Purging]
type = git_repo
channel = dev
path = ~/Klipper-Adaptive-Meshing-Purging
origin = https://github.com/kyleisah/Klipper-Adaptive-Meshing-Purging.git
managed_services = klipper
primary_branch = main

#################################################################
All Configuration Files:
/home/kuri/printer_data/config/moonraker.conf
#################################################################
Unsafe Shutdown Count: 3

System Info:

***python***
  version: (3, 9, 2, 'final', 0)
  version_string: 3.9.2 (default, Mar 12 2021, 04:06:34)  [GCC 10.2.1 20210110]

***cpu_info***
  cpu_count: 4
  bits: 32bit
  processor: aarch64
  cpu_desc: 
  serial_number: 10000000a7952f2b
  hardware_desc: BCM2835
  model: Raspberry Pi 4 Model B Rev 1.5
  total_memory: 1713732
  memory_units: kB

***sd_info***
  manufacturer_id: 82
  manufacturer: Unknown
  oem_id: 4a54
  product_name: NCard
  product_revision: 0.2
  serial_number: 248028a2
  manufacturer_date: 8/2013
  capacity: 14.7 GiB
  total_bytes: 15819866112

***distribution***
  name: Raspbian GNU/Linux 11 (bullseye)
  id: raspbian
  version: 11
  version_parts: {'major': '11', 'minor': '', 'build_number': ''}
  like: debian
  codename: bullseye
  release_info: {'name': 'MainsailOS', 'version_id': '1.2.1', 'codename': 'bullseye', 'id': 'mainsailos'}

***virtualization***
  virt_type: none
  virt_identifier: none

***network***

***canbus***

***Allowed Services***
  klipper_mcu
  webcamd
  MoonCord
  KlipperScreen
  moonraker-telegram-bot
  moonraker-obico
  sonar
  crowsnest
  octoeverywhere
  ratos-configurator

Systemd unit moonraker.service:
unit_name: moonraker.service
is_default: True
manager: systemd
Properties:
**Requires=['system.slice', 'sysinit.target', 'network-online.target']
**After=['basic.target', 'klipper.service', 'network-online.target', 'system.slice', 'systemd-journald.socket', 'sysinit.target']
**SupplementaryGroups=['moonraker-admin']
**EnvironmentFiles=/home/kuri/printer_data/systemd/moonraker.env
**ExecStart=/home/kuri/moonraker-env/bin/python $MOONRAKER_ARGS
**WorkingDirectory=
**FragmentPath=/etc/systemd/system/moonraker.service
**Description=API Server for Klipper SV1
**User=kuri

Systemd unit klipper.service:
unit_name: klipper.service
is_default: True
manager: systemd
Properties:
**Requires=['system.slice', 'sysinit.target', '-.mount']
**After=['basic.target', 'network-online.target', 'system.slice', '-.mount', 'systemd-journald.socket', 'sysinit.target']
**SupplementaryGroups=[]
**EnvironmentFiles=/home/kuri/printer_data/systemd/klipper.env
**ExecStart=/home/kuri/klippy-env/bin/python $KLIPPER_ARGS
**WorkingDirectory=/home/kuri/klipper
**FragmentPath=/etc/systemd/system/klipper.service
**Description=Klipper 3D Printer Firmware SV1
**User=kuri
Git Repo moonraker: Warnings detected:
  Repo has untracked source files: ['moonraker/components/timelapse.py']
Git Repo klipper: No warnings detected
Git Repo mainsail-config: No warnings detected
Git Repo crowsnest: No warnings detected
Git Repo sonar: No warnings detected
Git Repo klipper-backup: No warnings detected
Git Repo Klipper-Adaptive-Meshing-Purging: No warnings detected
Klipper Version: v0.12.0-12-g38221df8-dirty
2023-12-02 08:57:32,143 [authorization.py:_check_trusted_connection()] - Trusted Connection Detected, IP: 192.168.68.62
2023-12-02 08:57:32,146 [app.py:log_request()] - 101 GET /websocket (192.168.68.62) [_TRUSTED_USER_] 6.96ms
2023-12-02 08:57:32,147 [websockets.py:open()] - Websocket Opened: ID: 3911068832, Proxied: True, User Agent: BBL-Slicer/v01.07.07.89 (light) Mozilla/5.0 (Macintosh; Intel Mac OS X 10_15_7) AppleWebKit/605.1.15 (KHTML, like Gecko), Host Name: max.local
2023-12-02 08:57:32,159 [websockets.py:_handle_identify()] - Websocket 3911068832 Client Identified - Name: mainsail, Version: 2.8.0, Type: web
2023-12-02 09:04:06,926 [machine.py:_find_public_ip()] - Failed to detect local IP address
2023-12-02 09:04:06,927 [webcam.py:_set_default_host_ip()] - Default public webcam address set: http://127.0.0.1
2023-12-02 09:04:16,952 [machine.py:_find_public_ip()] - Detected Local IP: 192.168.68.63
2023-12-02 09:04:16,955 [webcam.py:_set_default_host_ip()] - Default public webcam address set: http://192.168.68.63
2023-12-02 09:05:00,651 [app.py:log_request()] - 101 GET /websocket (192.168.68.62) [_TRUSTED_USER_] 5.94ms
2023-12-02 09:05:00,652 [websockets.py:open()] - Websocket Opened: ID: 3891040136, Proxied: True, User Agent: BBL-Slicer/v01.07.07.89 (light) Mozilla/5.0 (Macintosh; Intel Mac OS X 10_15_7) AppleWebKit/605.1.15 (KHTML, like Gecko), Host Name: max.local
2023-12-02 09:05:00,662 [websockets.py:_handle_identify()] - Websocket 3891040136 Client Identified - Name: mainsail, Version: 2.8.0, Type: web
2023-12-02 09:10:47,884 [app.py:prepare()] - Upload Request Received from 192.168.68.62
Content-Type: multipart/form-data; boundary=------------------------7eab9da6ee616915
2023-12-02 09:10:50,423 [app.py:post()] - Processing Uploaded File: HMG7-Neptune-3-Pro-Shroud-Top-Vents-Body-V5_PLA_8h2m.gcode
2023-12-02 09:10:50,634 [shell_command.py:pipe_data_received()] - INFO:metadata:Object Processing is enabled

2023-12-02 09:10:50,648 [shell_command.py:pipe_data_received()] - INFO:metadata:File 'HMG7-Neptune-3-Pro-Shroud-Top-Vents-Body-V5_PLA_8h2m.gcode' currently supports cancellation, processing aborted

2023-12-02 09:10:50,773 [shell_command.py:_check_proc_success()] - Command (/home/kuri/moonraker-env/bin/python /home/kuri/moonraker/moonraker/components/file_manager/metadata.py -p /home/kuri/printer_data/gcodes -f "HMG7-Neptune-3-Pro-Shroud-Top-Vents-Body-V5_PLA_8h2m.gcode" --check-objects) successfully finished
2023-12-02 09:10:50,788 [app.py:log_request()] - 201 POST /api/files/local (192.168.68.62) [_TRUSTED_USER_] 2905.34ms
2023-12-02 09:10:50,947 [job_state.py:_status_update()] - Job Started: HMG7-Neptune-3-Pro-Shroud-Top-Vents-Body-V5_PLA_8h2m.gcode
2023-12-02 09:11:00,571 [websockets.py:on_close()] - Websocket Closed: ID: 3891040136 Close Code: None, Close Reason: None, Pong Time Elapsed: 9.91
2023-12-02 10:12:06,491 [authorization.py:_prune_conn_handler()] - Trusted Connection Expired, IP: 192.168.68.62
2023-12-02 10:43:41,659 [websockets.py:on_close()] - Websocket Closed: ID: 3911068832 Close Code: 1001, Close Reason: None, Pong Time Elapsed: 9.40
2023-12-02 10:43:41,934 [authorization.py:_check_trusted_connection()] - Trusted Connection Detected, IP: 192.168.68.62
2023-12-02 10:43:41,936 [app.py:log_request()] - 101 GET /websocket (192.168.68.62) [_TRUSTED_USER_] 5.89ms
2023-12-02 10:43:41,937 [websockets.py:open()] - Websocket Opened: ID: 3891065376, Proxied: True, User Agent: BBL-Slicer/v01.07.07.89 (light) Mozilla/5.0 (Macintosh; Intel Mac OS X 10_15_7) AppleWebKit/605.1.15 (KHTML, like Gecko), Host Name: max.local
2023-12-02 10:43:41,949 [websockets.py:_handle_identify()] - Websocket 3891065376 Client Identified - Name: mainsail, Version: 2.8.0, Type: web
2023-12-02 10:43:42,603 [websockets.py:on_close()] - Websocket Closed: ID: 3891065376 Close Code: 1001, Close Reason: None, Pong Time Elapsed: 0.67
2023-12-02 10:43:42,843 [app.py:log_request()] - 101 GET /websocket (192.168.68.62) [_TRUSTED_USER_] 1.57ms
2023-12-02 10:43:42,844 [websockets.py:open()] - Websocket Opened: ID: 4140210928, Proxied: True, User Agent: BBL-Slicer/v01.07.07.89 (light) Mozilla/5.0 (Macintosh; Intel Mac OS X 10_15_7) AppleWebKit/605.1.15 (KHTML, like Gecko), Host Name: max.local
2023-12-02 10:43:42,850 [websockets.py:_handle_identify()] - Websocket 4140210928 Client Identified - Name: mainsail, Version: 2.8.0, Type: web
2023-12-02 10:43:43,295 [websockets.py:on_close()] - Websocket Closed: ID: 4140210928 Close Code: 1001, Close Reason: None, Pong Time Elapsed: 0.45
2023-12-02 10:43:43,454 [app.py:log_request()] - 101 GET /websocket (192.168.68.62) [_TRUSTED_USER_] 1.85ms
2023-12-02 10:43:43,455 [websockets.py:open()] - Websocket Opened: ID: 3891037784, Proxied: True, User Agent: BBL-Slicer/v01.07.07.89 (light) Mozilla/5.0 (Macintosh; Intel Mac OS X 10_15_7) AppleWebKit/605.1.15 (KHTML, like Gecko), Host Name: max.local
2023-12-02 10:43:43,462 [websockets.py:_handle_identify()] - Websocket 3891037784 Client Identified - Name: mainsail, Version: 2.8.0, Type: web
2023-12-02 10:44:23,822 [machine.py:_find_public_ip()] - Failed to detect local IP address
2023-12-02 10:44:23,824 [webcam.py:_set_default_host_ip()] - Default public webcam address set: http://127.0.0.1
2023-12-02 10:44:33,830 [machine.py:_find_public_ip()] - Detected Local IP: 192.168.68.63
2023-12-02 10:44:33,833 [webcam.py:_set_default_host_ip()] - Default public webcam address set: http://192.168.68.63
2023-12-02 10:44:37,350 [websockets.py:on_close()] - Websocket Closed: ID: 3891037784 Close Code: 1001, Close Reason: None, Pong Time Elapsed: 3.89
2023-12-02 10:44:37,663 [app.py:log_request()] - 101 GET /websocket (192.168.68.62) [_TRUSTED_USER_] 5.03ms
2023-12-02 10:44:37,664 [websockets.py:open()] - Websocket Opened: ID: 4140211624, Proxied: True, User Agent: BBL-Slicer/v01.07.07.89 (light) Mozilla/5.0 (Macintosh; Intel Mac OS X 10_15_7) AppleWebKit/605.1.15 (KHTML, like Gecko), Host Name: max.local
2023-12-02 10:44:37,675 [websockets.py:_handle_identify()] - Websocket 4140211624 Client Identified - Name: mainsail, Version: 2.8.0, Type: web
2023-12-02 10:44:38,259 [websockets.py:on_close()] - Websocket Closed: ID: 4140211624 Close Code: 1001, Close Reason: None, Pong Time Elapsed: 0.60
2023-12-02 10:44:38,479 [app.py:log_request()] - 101 GET /websocket (192.168.68.62) [_TRUSTED_USER_] 1.62ms
2023-12-02 10:44:38,479 [websockets.py:open()] - Websocket Opened: ID: 4140217704, Proxied: True, User Agent: BBL-Slicer/v01.07.07.89 (light) Mozilla/5.0 (Macintosh; Intel Mac OS X 10_15_7) AppleWebKit/605.1.15 (KHTML, like Gecko), Host Name: max.local
2023-12-02 10:44:38,486 [websockets.py:_handle_identify()] - Websocket 4140217704 Client Identified - Name: mainsail, Version: 2.8.0, Type: web
2023-12-02 10:44:39,924 [websockets.py:on_close()] - Websocket Closed: ID: 4140217704 Close Code: 1001, Close Reason: None, Pong Time Elapsed: 1.45
2023-12-02 10:44:40,147 [app.py:log_request()] - 101 GET /websocket (192.168.68.62) [_TRUSTED_USER_] 1.55ms
2023-12-02 10:44:40,147 [websockets.py:open()] - Websocket Opened: ID: 4140220224, Proxied: True, User Agent: BBL-Slicer/v01.07.07.89 (light) Mozilla/5.0 (Macintosh; Intel Mac OS X 10_15_7) AppleWebKit/605.1.15 (KHTML, like Gecko), Host Name: max.local
2023-12-02 10:44:40,155 [websockets.py:_handle_identify()] - Websocket 4140220224 Client Identified - Name: mainsail, Version: 2.8.0, Type: web
2023-12-02 10:44:40,433 [websockets.py:on_close()] - Websocket Closed: ID: 4140220224 Close Code: 1001, Close Reason: None, Pong Time Elapsed: 0.29
2023-12-02 10:44:40,438 [app.py:log_request()] - 101 GET /websocket (192.168.68.62) [_TRUSTED_USER_] 3.21ms
2023-12-02 10:44:40,438 [websockets.py:open()] - Websocket Opened: ID: 3891038216, Proxied: True, User Agent: BBL-Slicer/v01.07.07.89 (light) Mozilla/5.0 (Macintosh; Intel Mac OS X 10_15_7) AppleWebKit/605.1.15 (KHTML, like Gecko), Host Name: max.local
2023-12-02 10:44:40,445 [websockets.py:_handle_identify()] - Websocket 3891038216 Client Identified - Name: mainsail, Version: 2.8.0, Type: web
2023-12-02 11:47:06,511 [authorization.py:_prune_conn_handler()] - Trusted Connection Expired, IP: 192.168.68.62
2023-12-02 13:27:29,170 [websockets.py:on_close()] - Websocket Closed: ID: 3891038216 Close Code: 1001, Close Reason: None, Pong Time Elapsed: 8.72
2023-12-02 13:27:29,386 [authorization.py:_check_trusted_connection()] - Trusted Connection Detected, IP: 192.168.68.62
2023-12-02 13:27:29,389 [app.py:log_request()] - 101 GET /websocket (192.168.68.62) [_TRUSTED_USER_] 5.42ms
2023-12-02 13:27:29,390 [websockets.py:open()] - Websocket Opened: ID: 3891065904, Proxied: True, User Agent: BBL-Slicer/v01.07.07.89 (light) Mozilla/5.0 (Macintosh; Intel Mac OS X 10_15_7) AppleWebKit/605.1.15 (KHTML, like Gecko), Host Name: max.local
2023-12-02 13:27:29,471 [websockets.py:_handle_identify()] - Websocket 3891065904 Client Identified - Name: mainsail, Version: 2.8.0, Type: web
2023-12-02 13:27:31,146 [websockets.py:on_close()] - Websocket Closed: ID: 3891065904 Close Code: 1001, Close Reason: None, Pong Time Elapsed: 1.76
2023-12-02 13:27:31,365 [app.py:log_request()] - 101 GET /websocket (192.168.68.62) [_TRUSTED_USER_] 1.60ms
2023-12-02 13:27:31,366 [websockets.py:open()] - Websocket Opened: ID: 4140219984, Proxied: True, User Agent: BBL-Slicer/v01.07.07.89 (light) Mozilla/5.0 (Macintosh; Intel Mac OS X 10_15_7) AppleWebKit/605.1.15 (KHTML, like Gecko), Host Name: max.local
2023-12-02 13:27:31,403 [websockets.py:_handle_identify()] - Websocket 4140219984 Client Identified - Name: mainsail, Version: 2.8.0, Type: web
2023-12-02 14:29:43,866 [websockets.py:on_close()] - Websocket Closed: ID: 4140219984 Close Code: 1001, Close Reason: None, Pong Time Elapsed: 2.49
2023-12-02 14:29:44,216 [app.py:log_request()] - 101 GET /websocket (192.168.68.62) [_TRUSTED_USER_] 4.85ms
2023-12-02 14:29:44,217 [websockets.py:open()] - Websocket Opened: ID: 3891040184, Proxied: True, User Agent: BBL-Slicer/v01.07.07.89 (light) Mozilla/5.0 (Macintosh; Intel Mac OS X 10_15_7) AppleWebKit/605.1.15 (KHTML, like Gecko), Host Name: max.local
2023-12-02 14:29:44,230 [websockets.py:_handle_identify()] - Websocket 3891040184 Client Identified - Name: mainsail, Version: 2.8.0, Type: web
2023-12-02 15:01:20,598 [app.py:log_request()] - 101 GET /websocket (192.168.68.62) [_TRUSTED_USER_] 5.02ms
2023-12-02 15:01:20,599 [websockets.py:open()] - Websocket Opened: ID: 4137661368, Proxied: True, User Agent: BBL-Slicer/v01.07.07.89 (light) Mozilla/5.0 (Macintosh; Intel Mac OS X 10_15_7) AppleWebKit/605.1.15 (KHTML, like Gecko), Host Name: max.local
2023-12-02 15:01:20,608 [websockets.py:_handle_identify()] - Websocket 4137661368 Client Identified - Name: mainsail, Version: 2.8.0, Type: web
2023-12-02 15:02:46,679 [websockets.py:on_close()] - Websocket Closed: ID: 4137661368 Close Code: None, Close Reason: None, Pong Time Elapsed: 6.07
2023-12-02 15:13:32,808 [websockets.py:on_close()] - Websocket Closed: ID: 3891040184 Close Code: 1001, Close Reason: None, Pong Time Elapsed: 8.58
2023-12-02 15:13:33,072 [app.py:log_request()] - 101 GET /websocket (192.168.68.62) [_TRUSTED_USER_] 4.50ms
2023-12-02 15:13:33,073 [websockets.py:open()] - Websocket Opened: ID: 3911249344, Proxied: True, User Agent: BBL-Slicer/v01.07.07.89 (light) Mozilla/5.0 (Macintosh; Intel Mac OS X 10_15_7) AppleWebKit/605.1.15 (KHTML, like Gecko), Host Name: max.local
2023-12-02 15:13:33,106 [websockets.py:_handle_identify()] - Websocket 3911249344 Client Identified - Name: mainsail, Version: 2.8.0, Type: web
2023-12-02 15:13:33,454 [websockets.py:on_close()] - Websocket Closed: ID: 3911249344 Close Code: 1001, Close Reason: None, Pong Time Elapsed: 0.38
2023-12-02 15:13:33,546 [app.py:log_request()] - 101 GET /websocket (192.168.68.62) [_TRUSTED_USER_] 1.67ms
2023-12-02 15:13:33,546 [websockets.py:open()] - Websocket Opened: ID: 4140218208, Proxied: True, User Agent: BBL-Slicer/v01.07.07.89 (light) Mozilla/5.0 (Macintosh; Intel Mac OS X 10_15_7) AppleWebKit/605.1.15 (KHTML, like Gecko), Host Name: max.local
2023-12-02 15:13:33,565 [websockets.py:_handle_identify()] - Websocket 4140218208 Client Identified - Name: mainsail, Version: 2.8.0, Type: web
2023-12-02 15:13:35,250 [websockets.py:on_close()] - Websocket Closed: ID: 4140218208 Close Code: 1001, Close Reason: None, Pong Time Elapsed: 1.71
2023-12-02 15:13:35,484 [app.py:log_request()] - 101 GET /websocket (192.168.68.62) [_TRUSTED_USER_] 1.54ms
2023-12-02 15:13:35,485 [websockets.py:open()] - Websocket Opened: ID: 4140218568, Proxied: True, User Agent: BBL-Slicer/v01.07.07.89 (light) Mozilla/5.0 (Macintosh; Intel Mac OS X 10_15_7) AppleWebKit/605.1.15 (KHTML, like Gecko), Host Name: max.local
2023-12-02 15:13:35,493 [websockets.py:_handle_identify()] - Websocket 4140218568 Client Identified - Name: mainsail, Version: 2.8.0, Type: web
2023-12-02 15:54:29,420 [app.py:prepare()] - Upload Request Received from 192.168.68.62
Content-Type: multipart/form-data; boundary=------------------------df3193789e621c45
2023-12-02 15:54:31,466 [app.py:post()] - Processing Uploaded File: HMG7 Neptune 3 Pro Shroud Open Front Cap ADXL345 V3_PLA_1h51m.gcode
2023-12-02 15:54:31,646 [shell_command.py:pipe_data_received()] - INFO:metadata:Object Processing is enabled

2023-12-02 15:54:31,661 [shell_command.py:pipe_data_received()] - INFO:metadata:File 'HMG7 Neptune 3 Pro Shroud Open Front Cap ADXL345 V3_PLA_1h51m.gcode' currently supports cancellation, processing aborted

2023-12-02 15:54:31,758 [shell_command.py:_check_proc_success()] - Command (/home/kuri/moonraker-env/bin/python /home/kuri/moonraker/moonraker/components/file_manager/metadata.py -p /home/kuri/printer_data/gcodes -f "HMG7 Neptune 3 Pro Shroud Open Front Cap ADXL345 V3_PLA_1h51m.gcode" --check-objects) successfully finished
2023-12-02 15:54:31,772 [app.py:log_request()] - 201 POST /api/files/local (192.168.68.62) [_TRUSTED_USER_] 2352.58ms
2023-12-02 15:54:31,868 [job_state.py:_status_update()] - Job Started: HMG7 Neptune 3 Pro Shroud Open Front Cap ADXL345 V3_PLA_1h51m.gcode
2023-12-02 16:51:12,875 [websockets.py:on_close()] - Websocket Closed: ID: 4140218568 Close Code: 1001, Close Reason: None, Pong Time Elapsed: 7.36
2023-12-02 16:51:13,203 [app.py:log_request()] - 101 GET /websocket (192.168.68.62) [_TRUSTED_USER_] 4.18ms
2023-12-02 16:51:13,204 [websockets.py:open()] - Websocket Opened: ID: 4140209080, Proxied: True, User Agent: BBL-Slicer/v01.07.07.89 (light) Mozilla/5.0 (Macintosh; Intel Mac OS X 10_15_7) AppleWebKit/605.1.15 (KHTML, like Gecko), Host Name: max.local
2023-12-02 16:51:13,238 [websockets.py:_handle_identify()] - Websocket 4140209080 Client Identified - Name: mainsail, Version: 2.8.0, Type: web
2023-12-02 16:51:14,595 [websockets.py:on_close()] - Websocket Closed: ID: 4140209080 Close Code: 1001, Close Reason: None, Pong Time Elapsed: 1.39
2023-12-02 16:51:14,829 [app.py:log_request()] - 101 GET /websocket (192.168.68.62) [_TRUSTED_USER_] 1.56ms
2023-12-02 16:51:14,829 [websockets.py:open()] - Websocket Opened: ID: 4140209368, Proxied: True, User Agent: BBL-Slicer/v01.07.07.89 (light) Mozilla/5.0 (Macintosh; Intel Mac OS X 10_15_7) AppleWebKit/605.1.15 (KHTML, like Gecko), Host Name: max.local
2023-12-02 16:51:14,836 [websockets.py:on_close()] - Websocket Closed: ID: 4140209368 Close Code: 1001, Close Reason: None, Pong Time Elapsed: 0.01
2023-12-02 16:51:14,980 [app.py:log_request()] - 101 GET /websocket (192.168.68.62) [_TRUSTED_USER_] 1.59ms
2023-12-02 16:51:14,981 [websockets.py:open()] - Websocket Opened: ID: 4140211408, Proxied: True, User Agent: BBL-Slicer/v01.07.07.89 (light) Mozilla/5.0 (Macintosh; Intel Mac OS X 10_15_7) AppleWebKit/605.1.15 (KHTML, like Gecko), Host Name: max.local
2023-12-02 16:51:14,991 [websockets.py:_handle_identify()] - Websocket 4140211408 Client Identified - Name: mainsail, Version: 2.8.0, Type: web
2023-12-02 16:51:53,639 [websockets.py:on_close()] - Websocket Closed: ID: 4140211408 Close Code: None, Close Reason: None, Pong Time Elapsed: 8.38
2023-12-02 17:11:06,106 [authorization.py:_check_trusted_connection()] - Trusted Connection Detected, IP: 192.168.68.58
2023-12-02 17:11:06,108 [app.py:log_request()] - 101 GET /websocket (192.168.68.58) [_TRUSTED_USER_] 4.27ms
2023-12-02 17:11:06,109 [websockets.py:open()] - Websocket Opened: ID: 4137662568, Proxied: True, User Agent: Mozilla/5.0 (iPhone; CPU iPhone OS 17_1_2 like Mac OS X) AppleWebKit/605.1.15 (KHTML, like Gecko) Version/17.1.2 Mobile/15E148 Safari/604.1, Host Name: max.local
2023-12-02 17:11:06,118 [websockets.py:_handle_identify()] - Websocket 4137662568 Client Identified - Name: mainsail, Version: 2.8.0, Type: web
2023-12-02 17:13:17,324 [websockets.py:on_close()] - Websocket Closed: ID: 4137662568 Close Code: None, Close Reason: None, Pong Time Elapsed: 1.20
2023-12-02 17:52:06,598 [authorization.py:_prune_conn_handler()] - Trusted Connection Expired, IP: 192.168.68.62
2023-12-02 18:12:06,604 [authorization.py:_prune_conn_handler()] - Trusted Connection Expired, IP: 192.168.68.58
2023-12-02 19:15:56,724 [klippy_connection.py:_process_status_update()] - Klippy has shutdown
2023-12-02 19:15:56,732 [proc_stats.py:_handle_shutdown()] - 
Moonraker System Usage Statistics:
System Time: 1701566127.480408, Usage: 1.37%, Memory: 27280 kB
System Time: 1701566128.481509, Usage: 1.41%, Memory: 27280 kB
System Time: 1701566129.482708, Usage: 1.37%, Memory: 27280 kB
System Time: 1701566130.484592, Usage: 3.47%, Memory: 27280 kB
System Time: 1701566131.485052, Usage: 1.5%, Memory: 27280 kB
System Time: 1701566132.486319, Usage: 1.45%, Memory: 27280 kB
System Time: 1701566133.487336, Usage: 1.38%, Memory: 27280 kB
System Time: 1701566134.488338, Usage: 1.41%, Memory: 27280 kB
System Time: 1701566135.489699, Usage: 1.38%, Memory: 27280 kB
System Time: 1701566136.490828, Usage: 1.42%, Memory: 27280 kB
System Time: 1701566137.491987, Usage: 1.38%, Memory: 27280 kB
System Time: 1701566138.493046, Usage: 1.42%, Memory: 27280 kB
System Time: 1701566139.494247, Usage: 1.38%, Memory: 27280 kB
System Time: 1701566140.497201, Usage: 3.55%, Memory: 27280 kB
System Time: 1701566141.497600, Usage: 1.57%, Memory: 27280 kB
System Time: 1701566142.498598, Usage: 1.47%, Memory: 27280 kB
System Time: 1701566143.499296, Usage: 1.44%, Memory: 27280 kB
System Time: 1701566144.500493, Usage: 1.46%, Memory: 27280 kB
System Time: 1701566145.501456, Usage: 1.45%, Memory: 27280 kB
System Time: 1701566146.503191, Usage: 1.47%, Memory: 27280 kB
System Time: 1701566147.504245, Usage: 1.45%, Memory: 27280 kB
System Time: 1701566148.504728, Usage: 1.49%, Memory: 27280 kB
System Time: 1701566149.506002, Usage: 1.44%, Memory: 27280 kB
System Time: 1701566150.507884, Usage: 3.62%, Memory: 27280 kB
System Time: 1701566151.508072, Usage: 1.56%, Memory: 27280 kB
System Time: 1701566152.508927, Usage: 1.48%, Memory: 27280 kB
System Time: 1701566153.509835, Usage: 1.43%, Memory: 27280 kB
System Time: 1701566154.510360, Usage: 1.42%, Memory: 27280 kB
System Time: 1701566155.511187, Usage: 1.38%, Memory: 